<?xml version="1.0" encoding="UTF-8"?>
<!-- Generated by org.testng.reporters.JUnitXMLReporter -->
<testsuite ignored="2" hostname="Praveen404" failures="1" tests="1" name="LoginHome" time="26.304" errors="0" timestamp="2023-12-25T14:26:59 IST">
  <testcase classname="com.OHRM.WebApplicationTest.OHRM_LoginTest2" name="excelOperations" time="0.005">
    <failure type="java.io.FileNotFoundException" message=".\src\OrangeHRM_MultipleSetData\OHRM_LogInTestDataTestNg.xlsx (The system cannot find the path specified)">
      <![CDATA[java.io.FileNotFoundException: .\src\OrangeHRM_MultipleSetData\OHRM_LogInTestDataTestNg.xlsx (The system cannot find the path specified)
at java.base/java.io.FileInputStream.open0(Native Method)
at java.base/java.io.FileInputStream.open(FileInputStream.java:219)
at java.base/java.io.FileInputStream.<init>(FileInputStream.java:157)
at java.base/java.io.FileInputStream.<init>(FileInputStream.java:112)
at com.OHRM.WebApplicationTest.OHRM_LoginTest2.excelOperations(OHRM_LoginTest2.java:17)
at java.base/java.util.ArrayList.forEach(ArrayList.java:1541)
... Removed 27 stack frames]]>
    </failure>
  </testcase> <!-- excelOperations -->
  <testcase classname="com.OHRM.WebApplicationTest.OHRM_LoginTest1" name="@AfterTest applicationClose" time="0.0">
    <ignored/>
  </testcase> <!-- @AfterTest applicationClose -->
  <testcase classname="com.OHRM.WebApplicationTest.OHRM_LoginTest1" name="@BeforeTest browserLaunch" time="0.0">
    <ignored/>
  </testcase> <!-- @BeforeTest browserLaunch -->
</testsuite> <!-- LoginHome -->
