<?xml version="1.0" encoding="UTF-8"?>
<testng-results ignored="2" total="3" passed="0" failed="1" skipped="0">
  <reporter-output>
  </reporter-output>
  <suite started-at="2023-12-25T14:26:32 IST" name="OHRM_Application_Test" finished-at="2023-12-25T14:26:58 IST" duration-ms="26304">
    <groups>
    </groups>
    <test started-at="2023-12-25T14:26:32 IST" name="LoginHome" finished-at="2023-12-25T14:26:58 IST" duration-ms="26304">
      <class name="com.OHRM.WebApplicationTest.OHRM_LoginTest2">
        <test-method signature="excelOperations()[pri:0, instance:com.OHRM.WebApplicationTest.OHRM_LoginTest2@27462a88]" started-at="2023-12-25T14:26:58 IST" name="excelOperations" finished-at="2023-12-25T14:26:58 IST" duration-ms="5" status="FAIL">
          <exception class="java.io.FileNotFoundException">
            <message>
              <![CDATA[.\src\OrangeHRM_MultipleSetData\OHRM_LogInTestDataTestNg.xlsx (The system cannot find the path specified)]]>
            </message>
            <full-stacktrace>
              <![CDATA[java.io.FileNotFoundException: .\src\OrangeHRM_MultipleSetData\OHRM_LogInTestDataTestNg.xlsx (The system cannot find the path specified)
at java.base/java.io.FileInputStream.open0(Native Method)
at java.base/java.io.FileInputStream.open(FileInputStream.java:219)
at java.base/java.io.FileInputStream.<init>(FileInputStream.java:157)
at java.base/java.io.FileInputStream.<init>(FileInputStream.java:112)
at com.OHRM.WebApplicationTest.OHRM_LoginTest2.excelOperations(OHRM_LoginTest2.java:17)
at java.base/jdk.internal.reflect.NativeMethodAccessorImpl.invoke0(Native Method)
at java.base/jdk.internal.reflect.NativeMethodAccessorImpl.invoke(NativeMethodAccessorImpl.java:62)
at java.base/jdk.internal.reflect.DelegatingMethodAccessorImpl.invoke(DelegatingMethodAccessorImpl.java:43)
at java.base/java.lang.reflect.Method.invoke(Method.java:566)
at org.testng.internal.MethodInvocationHelper.invokeMethod(MethodInvocationHelper.java:133)
at org.testng.internal.TestInvoker.invokeMethod(TestInvoker.java:598)
at org.testng.internal.TestInvoker.invokeTestMethod(TestInvoker.java:173)
at org.testng.internal.MethodRunner.runInSequence(MethodRunner.java:46)
at org.testng.internal.TestInvoker$MethodInvocationAgent.invoke(TestInvoker.java:824)
at org.testng.internal.TestInvoker.invokeTestMethods(TestInvoker.java:146)
at org.testng.internal.TestMethodWorker.invokeTestMethods(TestMethodWorker.java:146)
at org.testng.internal.TestMethodWorker.run(TestMethodWorker.java:128)
at java.base/java.util.ArrayList.forEach(ArrayList.java:1541)
at org.testng.TestRunner.privateRun(TestRunner.java:794)
at org.testng.TestRunner.run(TestRunner.java:596)
at org.testng.SuiteRunner.runTest(SuiteRunner.java:377)
at org.testng.SuiteRunner.runSequentially(SuiteRunner.java:371)
at org.testng.SuiteRunner.privateRun(SuiteRunner.java:332)
at org.testng.SuiteRunner.run(SuiteRunner.java:276)
at org.testng.SuiteRunnerWorker.runSuite(SuiteRunnerWorker.java:53)
at org.testng.SuiteRunnerWorker.run(SuiteRunnerWorker.java:96)
at org.testng.TestNG.runSuitesSequentially(TestNG.java:1212)
at org.testng.TestNG.runSuitesLocally(TestNG.java:1134)
at org.testng.TestNG.runSuites(TestNG.java:1063)
at org.testng.TestNG.run(TestNG.java:1031)
at org.testng.remote.AbstractRemoteTestNG.run(AbstractRemoteTestNG.java:115)
at org.testng.remote.RemoteTestNG.initAndRun(RemoteTestNG.java:251)
at org.testng.remote.RemoteTestNG.main(RemoteTestNG.java:77)
]]>
            </full-stacktrace>
          </exception> <!-- java.io.FileNotFoundException -->
          <reporter-output>
          </reporter-output>
        </test-method> <!-- excelOperations -->
      </class> <!-- com.OHRM.WebApplicationTest.OHRM_LoginTest2 -->
      <class name="com.OHRM.WebApplicationTest.OHRM_LoginTest1">
        <test-method is-config="true" signature="browserLaunch()[pri:0, instance:com.OHRM.WebApplicationTest.OHRM_LoginTest1@31fa1761]" started-at="2023-12-25T14:26:32 IST" name="browserLaunch" finished-at="2023-12-25T14:26:58 IST" duration-ms="25619" status="PASS">
          <reporter-output>
          </reporter-output>
        </test-method> <!-- browserLaunch -->
        <test-method is-config="true" signature="applicationClose()[pri:0, instance:com.OHRM.WebApplicationTest.OHRM_LoginTest1@31fa1761]" started-at="2023-12-25T14:26:58 IST" name="applicationClose" finished-at="2023-12-25T14:26:58 IST" duration-ms="633" status="PASS">
          <reporter-output>
          </reporter-output>
        </test-method> <!-- applicationClose -->
      </class> <!-- com.OHRM.WebApplicationTest.OHRM_LoginTest1 -->
    </test> <!-- LoginHome -->
  </suite> <!-- OHRM_Application_Test -->
</testng-results>
